\BOOKMARK [1][-]{section.1}{\376\377\004\037\004\076\004\101\004\102\004\060\004\075\004\076\004\062\004\072\004\060\000\040\004\067\004\060\004\064\004\060\004\107\004\070}{}% 1
\BOOKMARK [2][-]{subsection.1.1}{\376\377\004\046\004\065\004\073\004\114\000\040\004\103\004\077\004\100\004\060\004\062\004\073\004\065\004\075\004\070\004\117}{section.1}% 2
\BOOKMARK [2][-]{subsection.1.2}{\376\377\004\032\004\073\004\060\004\101\004\101\000\040\004\074\004\065\004\102\004\076\004\064\004\076\004\062}{section.1}% 3
\BOOKMARK [1][-]{section.2}{\376\377\004\036\004\077\004\070\004\101\004\060\004\075\004\070\004\065\000\040\004\101\004\070\004\101\004\102\004\065\004\074\004\113\000\040\000\050\000P\000l\000a\000n\000t\000\051}{}% 4
\BOOKMARK [2][-]{subsection.2.1}{\376\377\004\041\004\076\004\101\004\102\004\076\004\117\004\075\004\070\004\065\000\040\004\070\000\040\004\062\004\105\004\076\004\064\004\113}{section.2}% 5
\BOOKMARK [2][-]{subsection.2.2}{\376\377\004\032\004\070\004\075\004\065\004\074\004\060\004\102\004\070\004\107\004\065\004\101\004\072\004\060\004\117\000\040\004\074\004\076\004\064\004\065\004\073\004\114}{section.2}% 6
\BOOKMARK [2][-]{subsection.2.3}{\376\377\004\036\004\063\004\100\004\060\004\075\004\070\004\107\004\065\004\075\004\070\004\117\000\040\004\075\004\060\000\040\004\103\004\077\004\100\004\060\004\062\004\073\004\065\004\075\004\070\004\065}{section.2}% 7
\BOOKMARK [2][-]{subsection.2.4}{\376\377\004\035\004\065\004\105\004\076\004\073\004\076\004\075\004\076\004\074\004\075\004\076\004\065\000\040\004\076\004\063\004\100\004\060\004\075\004\070\004\107\004\065\004\075\004\070\004\065}{section.2}% 8
\BOOKMARK [2][-]{subsection.2.5}{\376\377\004\023\004\065\004\076\004\074\004\065\004\102\004\100\004\070\004\117\000\040\004\100\004\076\004\061\004\076\004\102\004\060}{section.2}% 9
\BOOKMARK [1][-]{section.3}{\376\377\004\034\004\060\004\102\004\065\004\074\004\060\004\102\004\070\004\107\004\065\004\101\004\072\004\076\004\065\000\040\004\117\004\064\004\100\004\076\000\040\040\024\000\040\004\102\004\065\004\076\004\100\004\070\004\117\000\040\004\033\004\117\004\077\004\103\004\075\004\076\004\062\004\060}{}% 10
\BOOKMARK [2][-]{subsection.3.1}{\376\377\004\037\004\076\004\073\004\117\004\100\004\075\004\113\004\065\000\040\004\072\004\076\004\076\004\100\004\064\004\070\004\075\004\060\004\102\004\113\000\040\004\076\004\110\004\070\004\061\004\072\004\070}{section.3}% 11
\BOOKMARK [2][-]{subsection.3.2}{\376\377\004\044\004\103\004\075\004\072\004\106\004\070\004\117\000\040\004\033\004\117\004\077\004\103\004\075\004\076\004\062\004\060}{section.3}% 12
\BOOKMARK [2][-]{subsection.3.3}{\376\377\004\022\004\113\004\062\004\076\004\064\000\040\004\067\004\060\004\072\004\076\004\075\004\060\000\040\004\103\004\077\004\100\004\060\004\062\004\073\004\065\004\075\004\070\004\117}{section.3}% 13
\BOOKMARK [2][-]{subsection.3.4}{\376\377\004\030\004\075\004\102\004\103\004\070\004\106\004\070\004\117\000\040\004\067\004\060\000\040\004\072\004\060\004\066\004\064\004\113\004\074\000\040\004\101\004\070\004\063\004\075\004\060\004\073\004\076\004\074}{section.3}% 14
\BOOKMARK [2][-]{subsection.3.5}{\376\377\004\024\004\065\004\074\004\077\004\104\004\070\004\100\004\076\004\062\004\060\004\075\004\070\004\065\000\040\004\062\004\061\004\073\004\070\004\067\004\070\000\040\004\106\004\065\004\073\004\070}{section.3}% 15
\BOOKMARK [2][-]{subsection.3.6}{\376\377\004\037\004\100\004\065\004\076\004\061\004\100\004\060\004\067\004\076\004\062\004\060\004\075\004\070\004\065\000\040\004\062\000\040\004\063\004\103\004\101\004\065\004\075\004\070\004\107\004\075\004\113\004\065\000\040\004\101\004\072\004\076\004\100\004\076\004\101\004\102\004\070}{section.3}% 16
\BOOKMARK [1][-]{section.4}{\376\377\004\036\004\061\004\105\004\076\004\064\000\040\004\101\004\102\004\060\004\102\004\070\004\107\004\065\004\101\004\072\004\070\004\105\000\040\004\077\004\100\004\065\004\077\004\117\004\102\004\101\004\102\004\062\004\070\004\071}{}% 17
\BOOKMARK [2][-]{subsection.4.1}{\376\377\004\020\004\073\004\063\004\076\004\100\004\070\004\102\004\074}{section.4}% 18
\BOOKMARK [1][-]{section.5}{\376\377\004\043\004\072\004\073\004\076\004\075\004\065\004\075\004\070\004\065\000\040\004\076\004\102\000\040\004\101\004\075\004\060\004\100\004\117\004\064\004\076\004\062\000\040\000\050\000D\000o\000d\000g\000e\000\051}{}% 19
\BOOKMARK [2][-]{subsection.5.1}{\376\377\004\036\004\061\004\075\004\060\004\100\004\103\004\066\004\065\004\075\004\070\004\065\000\040\004\103\004\063\004\100\004\076\004\067\004\113\000\040\040\024\000\040\000C\000P\000A}{section.5}% 20
\BOOKMARK [2][-]{subsection.5.2}{\376\377\004\022\004\113\004\061\004\076\004\100\000\040\004\101\004\102\004\076\004\100\004\076\004\075\004\113\000\040\004\103\004\072\004\073\004\076\004\075\004\065\004\075\004\070\004\117}{section.5}% 21
\BOOKMARK [2][-]{subsection.5.3}{\376\377\004\041\004\102\004\100\004\060\004\102\004\065\004\063\004\070\004\117\000:\000\040\000A\000n\000g\000u\000l\000a\000r\000\040\000B\000i\000a\000s\000\040\000I\000n\000j\000e\000c\000t\000i\000o\000n}{section.5}% 22
\BOOKMARK [1][-]{section.6}{\376\377\004\034\004\076\004\064\004\065\004\073\004\114\000\040\004\077\004\103\004\110\004\072\004\070}{}% 23
\BOOKMARK [2][-]{subsection.6.1}{\376\377\004\037\004\103\004\060\004\101\004\101\004\076\004\075\004\076\004\062\004\101\004\072\004\070\004\071\000\040\004\077\004\100\004\076\004\106\004\065\004\101\004\101\000\040\004\101\004\102\004\100\004\065\004\073\004\114\004\061\004\113}{section.6}% 24
\BOOKMARK [2][-]{subsection.6.2}{\376\377\004\034\004\076\004\064\004\065\004\073\004\114\000\040\004\077\004\100\004\070\004\106\004\065\004\073\004\070\004\062\004\060\004\075\004\070\004\117}{section.6}% 25
\BOOKMARK [2][-]{subsection.6.3}{\376\377\004\034\004\076\004\064\004\065\004\073\004\114\000\040\004\101\004\075\004\060\004\100\004\117\004\064\004\060}{section.6}% 26
\BOOKMARK [2][-]{subsection.6.4}{\376\377\004\022\004\065\004\100\004\070\004\104\004\070\004\072\004\060\004\106\004\070\004\117\000\040\004\101\004\073\004\103\004\107\004\060\004\071\004\075\004\076\004\101\004\102\004\070}{section.6}% 27
\BOOKMARK [1][-]{section.7}{\376\377\004\050\004\103\004\074\004\076\004\062\004\060\004\117\000\040\004\074\004\076\004\064\004\065\004\073\004\114\000\040\004\070\000\040\000E\000M\000A\000-\004\104\004\070\004\073\004\114\004\102\004\100}{}% 28
\BOOKMARK [2][-]{subsection.7.1}{\376\377\004\020\004\064\004\064\004\070\004\102\004\070\004\062\004\075\004\113\004\071\000\040\004\063\004\060\004\103\004\101\004\101\004\076\004\062\004\101\004\072\004\070\004\071\000\040\004\110\004\103\004\074}{section.7}% 29
\BOOKMARK [2][-]{subsection.7.2}{\376\377\000E\000M\000A\000-\004\104\004\070\004\073\004\114\004\102\004\100\000\040\000\050\000E\000x\000p\000o\000n\000e\000n\000t\000i\000a\000l\000\040\000M\000o\000v\000i\000n\000g\000\040\000A\000v\000e\000r\000a\000g\000e\000\051}{section.7}% 30
\BOOKMARK [1][-]{section.8}{\376\377\004\020\004\100\004\105\004\070\004\102\004\065\004\072\004\102\004\103\004\100\004\060\000\040\004\077\004\100\004\076\004\063\004\100\004\060\004\074\004\074\004\113}{}% 31
\BOOKMARK [2][-]{subsection.8.1}{\376\377\004\037\004\100\004\070\004\076\004\100\004\070\004\102\004\065\004\102\004\113\000\040\004\072\004\076\004\075\004\102\004\100\004\076\004\073\004\073\004\065\004\100\004\060\000\040\000\050\004\072\004\060\004\066\004\064\004\113\004\071\000\040\004\110\004\060\004\063\000\051}{section.8}% 32
\BOOKMARK [2][-]{subsection.8.2}{\376\377\004\046\004\070\004\072\004\073\000\040\004\101\004\070\004\074\004\103\004\073\004\117\004\106\004\070\004\070\000\040\000\050\004\076\004\064\004\070\004\075\000\040\004\110\004\060\004\063\000\051}{section.8}% 33
\BOOKMARK [1][-]{section.9}{\376\377\004\055\004\072\004\101\004\077\004\065\004\100\004\070\004\074\004\065\004\075\004\102\004\060\004\073\004\114\004\075\004\060\004\117\000\040\004\103\004\101\004\102\004\060\004\075\004\076\004\062\004\072\004\060}{}% 34
\BOOKMARK [2][-]{subsection.9.1}{\376\377\004\037\004\060\004\100\004\060\004\074\004\065\004\102\004\100\004\113\000\040\004\101\004\106\004\065\004\075\004\060\004\100\004\070\004\117}{section.9}% 35
\BOOKMARK [2][-]{subsection.9.2}{\376\377\004\037\004\060\004\100\004\060\004\074\004\065\004\102\004\100\004\113\000\040\004\072\004\076\004\075\004\102\004\100\004\076\004\073\004\073\004\065\004\100\004\060}{section.9}% 36
\BOOKMARK [2][-]{subsection.9.3}{\376\377\004\037\004\060\004\100\004\060\004\074\004\065\004\102\004\100\004\113\000\040\004\110\004\103\004\074\004\060}{section.9}% 37
\BOOKMARK [2][-]{subsection.9.4}{\376\377\004\037\004\060\004\100\004\060\004\074\004\065\004\102\004\100\004\113\000\040\004\077\004\103\004\110\004\072\004\070}{section.9}% 38
\BOOKMARK [1][-]{section.10}{\376\377\004\040\004\065\004\067\004\103\004\073\004\114\004\102\004\060\004\102\004\113}{}% 39
\BOOKMARK [2][-]{subsection.10.1}{\376\377\004\047\004\102\004\076\000\040\004\100\004\060\004\061\004\076\004\102\004\060\004\065\004\102}{section.10}% 40
\BOOKMARK [2][-]{subsection.10.2}{\376\377\004\044\004\070\004\063\004\103\004\100\004\113}{section.10}% 41
\BOOKMARK [2][-]{subsection.10.3}{\376\377\004\036\004\063\004\100\004\060\004\075\004\070\004\107\004\065\004\075\004\070\004\117}{section.10}% 42
\BOOKMARK [1][-]{section.11}{\376\377\004\020\004\073\004\063\004\076\004\100\004\070\004\102\004\074\000\040\000\050\004\077\004\101\004\065\004\062\004\064\004\076\004\072\004\076\004\064\000\051}{}% 43
